\BOOKMARK [0][-]{section*.1}{\376\377\000I\000l\000l\000u\000s\000t\000r\000a\000t\000i\000o\000n\000s}{}% 1
\BOOKMARK [0][-]{chapter.1}{\376\377\000C\000o\000n\000c\000u\000r\000r\000e\000n\000t\000\040\000P\000r\000o\000g\000r\000a\000m\000m\000i\000n\000g\000\040\000i\000n\000\040\000P\000h\000a\000r\000o}{}% 2
\BOOKMARK [1][-]{section.1.1}{\376\377\000S\000t\000u\000d\000y\000i\000n\000g\000\040\000a\000n\000\040\000e\000x\000a\000m\000p\000l\000e}{chapter.1}% 3
\BOOKMARK [1][-]{section.1.2}{\376\377\000A\000\040\000s\000i\000m\000p\000l\000e\000\040\000e\000x\000a\000m\000p\000l\000e}{chapter.1}% 4
\BOOKMARK [1][-]{section.1.3}{\376\377\000P\000r\000o\000c\000e\000s\000s\000\040\000L\000i\000f\000e\000t\000i\000m\000e}{chapter.1}% 5
\BOOKMARK [2][-]{section*.2}{\376\377\000C\000r\000e\000a\000t\000i\000n\000g\000\040\000a\000n\000d\000\040\000l\000a\000u\000n\000c\000h\000i\000n\000g\000\040\000a\000\040\000n\000e\000w\000\040\000p\000r\000o\000c\000e\000s\000s}{section.1.3}% 6
\BOOKMARK [2][-]{section*.3}{\376\377\000C\000r\000e\000a\000t\000i\000n\000g\000\040\000a\000\040\000p\000r\000o\000c\000e\000s\000s\000\040\000w\000i\000t\000h\000o\000u\000t\000\040\000s\000c\000h\000e\000d\000u\000l\000i\000n\000g\000\040\000i\000t}{section.1.3}% 7
\BOOKMARK [2][-]{section*.4}{\376\377\000P\000a\000s\000s\000i\000n\000g\000\040\000a\000r\000g\000u\000m\000e\000n\000t\000s\000\040\000t\000o\000\040\000a\000\040\000p\000r\000o\000c\000e\000s\000s}{section.1.3}% 8
\BOOKMARK [2][-]{section*.5}{\376\377\000S\000u\000s\000p\000e\000n\000d\000i\000n\000g\000\040\000a\000n\000d\000\040\000t\000e\000r\000m\000i\000n\000a\000t\000i\000n\000g\000\040\000a\000\040\000p\000r\000o\000c\000e\000s\000s}{section.1.3}% 9
\BOOKMARK [2][-]{section*.6}{\376\377\000C\000r\000e\000a\000t\000i\000n\000g\000\040\000a\000\040\000w\000a\000i\000t\000i\000n\000g\000\040\000p\000r\000o\000c\000e\000s\000s}{section.1.3}% 10
\BOOKMARK [1][-]{section.1.4}{\376\377\000C\000r\000e\000a\000t\000i\000o\000n\000\040\000A\000P\000I\000\040\000S\000u\000m\000m\000a\000r\000y}{chapter.1}% 11
\BOOKMARK [1][-]{section.1.5}{\376\377\000F\000i\000r\000s\000t\000\040\000l\000o\000o\000k\000\040\000a\000t\000\040\000P\000r\000o\000c\000e\000s\000s\000o\000r\000S\000c\000h\000e\000d\000u\000l\000e\000r}{chapter.1}% 12
\BOOKMARK [2][-]{section*.7}{\376\377\000P\000r\000o\000c\000e\000s\000s\000\040\000p\000r\000i\000o\000r\000i\000t\000y}{section.1.5}% 13
\BOOKMARK [1][-]{section.1.6}{\376\377\000P\000r\000o\000c\000e\000s\000s}{chapter.1}% 14
\BOOKMARK [1][-]{section.1.7}{\376\377\000C\000o\000n\000c\000l\000u\000s\000i\000o\000n}{chapter.1}% 15
\BOOKMARK [0][-]{chapter.2}{\376\377\000S\000e\000m\000a\000p\000h\000o\000r\000e\000s}{}% 16
\BOOKMARK [1][-]{section.2.1}{\376\377\000U\000n\000d\000e\000r\000s\000t\000a\000n\000d\000i\000n\000g\000\040\000s\000e\000m\000a\000p\000h\000o\000r\000e\000s}{chapter.2}% 17
\BOOKMARK [2][-]{section*.8}{\376\377\000D\000e\000t\000a\000i\000l\000s\000\040}{section.2.1}% 18
\BOOKMARK [1][-]{section.2.2}{\376\377\000A\000n\000\040\000e\000x\000a\000m\000p\000l\000e}{chapter.2}% 19
\BOOKMARK [1][-]{section.2.3}{\376\377\000w\000a\000i\000t\000\040\000a\000n\000d\000\040\000s\000i\000g\000n\000a\000l\000\040\000i\000n\000t\000e\000r\000p\000l\000a\000y}{chapter.2}% 20
\BOOKMARK [1][-]{section.2.4}{\376\377\000P\000r\000e\000a\000r\000m\000e\000d\000\040\000s\000e\000m\000a\000p\000h\000o\000r\000e}{chapter.2}% 21
\BOOKMARK [2][-]{section*.9}{\376\377\000E\000x\000a\000m\000p\000l\000e\000\040}{section.2.4}% 22
\BOOKMARK [1][-]{section.2.5}{\376\377\000f\000o\000r\000M\000u\000t\000u\000a\000l\000E\000x\000c\000l\000u\000s\000i\000o\000n}{chapter.2}% 23
\BOOKMARK [2][-]{section*.10}{\376\377\000E\000x\000a\000m\000p\000l\000e\000.}{section.2.5}% 24
\BOOKMARK [2][-]{section*.11}{\376\377\000D\000e\000a\000d\000l\000o\000c\000k\000i\000n\000g\000\040\000s\000e\000m\000a\000p\000h\000o\000r\000e\000s\000.}{section.2.5}% 25
\BOOKMARK [1][-]{section.2.6}{\376\377\000I\000m\000p\000l\000e\000m\000e\000n\000t\000a\000t\000i\000o\000n\000\040}{chapter.2}% 26
\BOOKMARK [1][-]{section.2.7}{\376\377\000C\000o\000n\000c\000l\000u\000s\000i\000o\000n}{chapter.2}% 27
\BOOKMARK [0][-]{chapter.3}{\376\377\000S\000c\000h\000e\000d\000u\000l\000e\000r\000'\000s\000\040\000p\000r\000i\000n\000c\000i\000p\000l\000e\000s}{}% 28
\BOOKMARK [1][-]{section.3.1}{\376\377\000D\000e\000l\000a\000y}{chapter.3}% 29
\BOOKMARK [1][-]{section.3.2}{\376\377\000E\000x\000a\000m\000p\000l\000e}{chapter.3}% 30
\BOOKMARK [0][-]{chapter.4}{\376\377\000S\000y\000n\000c\000h\000r\000o\000n\000i\000s\000a\000t\000i\000o\000n\000s}{}% 31
\BOOKMARK [1][-]{section.4.1}{\376\377\000M\000o\000t\000i\000v\000a\000t\000i\000o\000n}{chapter.4}% 32
\BOOKMARK [1][-]{section.4.2}{\376\377\000U\000s\000i\000n\000g\000\040\000a\000\040\000s\000e\000m\000a\000p\000h\000o\000r\000e}{chapter.4}% 33
\BOOKMARK [1][-]{section.4.3}{\376\377\000U\000s\000i\000n\000g\000\040\000a\000\040\000M\000u\000t\000e\000x}{chapter.4}% 34
\BOOKMARK [2][-]{section*.12}{\376\377\000N\000e\000s\000t\000e\000d\000\040\000c\000r\000i\000t\000i\000c\000a\000l\000\040\000s\000e\000c\000t\000i\000o\000n\000s\000.}{section.4.3}% 35
\BOOKMARK [1][-]{section.4.4}{\376\377\000A\000b\000o\000u\000t\000\040\000R\000e\000n\000d\000e\000z\000-\000v\000o\000u\000s}{chapter.4}% 36
\BOOKMARK [2][-]{section*.13}{\376\377\000R\000e\000n\000d\000e\000z\000-\000v\000o\000u\000s}{section.4.4}% 37
\BOOKMARK [1][-]{section.4.5}{\376\377\000S\000h\000a\000r\000e\000d\000\040\000Q\000u\000e\000u\000e}{chapter.4}% 38
\BOOKMARK [1][-]{section.4.6}{\376\377\000M\000o\000n\000i\000t\000o\000r}{chapter.4}% 39
\BOOKMARK [1][-]{section.4.7}{\376\377\000B\000a\000s\000i\000c\000\040\000u\000s\000a\000g\000e\000:}{chapter.4}% 40
\BOOKMARK [1][-]{section.4.8}{\376\377\000W\000e\000\040\000n\000e\000e\000d\000\040\000o\000n\000e\000\040\000e\000x\000a\000m\000p\000l\000e\000\040\000h\000e\000r\000e}{chapter.4}% 41
\BOOKMARK [0][-]{chapter.5}{\376\377\000M\000u\000t\000e\000x\000\040\000i\000m\000p\000l\000e\000m\000e\000n\000t\000a\000t\000i\000o\000n}{}% 42
\BOOKMARK [0][-]{chapter.6}{\376\377\000S\000h\000a\000r\000e\000Q\000u\000e\000u\000e\000:\000\040\000a\000\040\000S\000e\000m\000a\000p\000h\000o\000r\000e\000\040\000E\000x\000a\000m\000p\000l\000e}{}% 43
\BOOKMARK [1][-]{section.6.1}{\376\377\000C\000o\000n\000c\000l\000u\000s\000i\000o\000n}{chapter.6}% 44
