\BOOKMARK [0][-]{section*.1}{\376\377\000I\000l\000l\000u\000s\000t\000r\000a\000t\000i\000o\000n\000s}{}% 1
\BOOKMARK [-1][-]{part.1}{\376\377\000T\000a\000s\000k\000I\000t}{}% 2
\BOOKMARK [0][-]{chapter.1}{\376\377\000I\000n\000t\000r\000o\000d\000u\000c\000t\000i\000o\000n}{part.1}% 3
\BOOKMARK [1][-]{section.1.1}{\376\377\000D\000o\000w\000n\000l\000o\000a\000d\000i\000n\000g}{chapter.1}% 4
\BOOKMARK [2][-]{section*.3}{\376\377\000A\000d\000d\000i\000n\000g\000\040\000i\000t\000\040\000a\000s\000\040\000a\000\040\000M\000e\000t\000a\000c\000e\000l\000l\000o\000\040\000d\000e\000p\000e\000n\000d\000e\000n\000c\000y}{section.1.1}% 5
\BOOKMARK [2][-]{section*.4}{\376\377\000F\000o\000r\000\040\000d\000e\000v\000e\000l\000o\000p\000e\000r\000s}{section.1.1}% 6
\BOOKMARK [1][-]{section.1.2}{\376\377\000C\000h\000a\000n\000g\000e\000s\000l\000o\000g}{chapter.1}% 7
\BOOKMARK [2][-]{section*.5}{\376\377\000v\0000\000.\0002}{section.1.2}% 8
\BOOKMARK [3][-]{section*.6}{\376\377\000M\000a\000j\000o\000r\000\040\000F\000e\000a\000t\000u\000r\000e\000s}{section*.5}% 9
\BOOKMARK [0][-]{chapter.2}{\376\377\000A\000s\000y\000n\000c\000h\000r\000o\000n\000o\000u\000s\000\040\000T\000a\000s\000k\000s}{part.1}% 10
\BOOKMARK [1][-]{section.2.1}{\376\377\000F\000i\000r\000s\000t\000\040\000E\000x\000a\000m\000p\000l\000e}{chapter.2}% 11
\BOOKMARK [1][-]{section.2.2}{\376\377\000S\000c\000h\000e\000d\000u\000l\000e\000\040\000v\000s\000\040\000f\000o\000r\000k}{chapter.2}% 12
\BOOKMARK [1][-]{section.2.3}{\376\377\000A\000l\000l\000\040\000v\000a\000l\000u\000a\000b\000l\000e\000s\000\040\000c\000a\000n\000\040\000b\000e\000\040\000T\000a\000s\000k\000s}{chapter.2}% 13
\BOOKMARK [0][-]{chapter.3}{\376\377\000R\000e\000t\000r\000i\000e\000v\000i\000n\000g\000\040\000a\000\040\000T\000a\000s\000k\000'\000s\000\040\000R\000e\000s\000u\000l\000t\000\040\000w\000i\000t\000h\000\040\000F\000u\000t\000u\000r\000e\000s}{part.1}% 14
\BOOKMARK [0][-]{chapter.4}{\376\377\000T\000a\000s\000k\000\040\000R\000u\000n\000n\000e\000r\000s\000:\000\040\000C\000o\000n\000t\000r\000o\000l\000l\000i\000n\000g\000\040\000H\000o\000w\000\040\000T\000a\000s\000k\000s\000\040\000a\000r\000e\000\040\000e\000x\000e\000c\000u\000t\000e\000d\000\040}{part.1}% 15
\BOOKMARK [1][-]{section.4.1}{\376\377\000N\000e\000w\000\040\000P\000r\000o\000c\000e\000s\000s\000\040\000T\000a\000s\000k\000\040\000R\000u\000n\000n\000e\000r}{chapter.4}% 16
\BOOKMARK [1][-]{section.4.2}{\376\377\000L\000o\000c\000a\000l\000\040\000P\000r\000o\000c\000e\000s\000s\000\040\000T\000a\000s\000k\000\040\000R\000u\000n\000n\000e\000r}{chapter.4}% 17
\BOOKMARK [1][-]{section.4.3}{\376\377\000T\000h\000e\000\040\000W\000o\000r\000k\000e\000r\000\040\000R\000u\000n\000n\000e\000r}{chapter.4}% 18
\BOOKMARK [1][-]{section.4.4}{\376\377\000T\000h\000e\000\040\000W\000o\000r\000k\000e\000r\000\040\000p\000o\000o\000l}{chapter.4}% 19
\BOOKMARK [2][-]{section*.7}{\376\377\000T\000K\000T\000W\000o\000r\000k\000e\000r\000P\000o\000o\000l}{section.4.4}% 20
\BOOKMARK [2][-]{section*.8}{\376\377\000T\000K\000T\000C\000o\000m\000m\000o\000n\000Q\000u\000e\000u\000e\000W\000o\000r\000k\000e\000r\000P\000o\000o\000l}{section.4.4}% 21
\BOOKMARK [1][-]{section.4.5}{\376\377\000M\000a\000n\000a\000g\000i\000n\000g\000\040\000R\000u\000n\000n\000e\000r\000\040\000E\000x\000c\000e\000p\000t\000i\000o\000n\000s}{chapter.4}% 22
\BOOKMARK [1][-]{section.4.6}{\376\377\000T\000a\000s\000k\000\040\000T\000i\000m\000e\000o\000u\000t}{chapter.4}% 23
\BOOKMARK [1][-]{section.4.7}{\376\377\000W\000h\000e\000r\000e\000\040\000d\000o\000\040\000t\000a\000s\000k\000s\000\040\000a\000n\000d\000\040\000c\000a\000l\000l\000b\000a\000c\000k\000s\000\040\000r\000u\000n\000\040\000b\000y\000\040\000d\000e\000f\000a\000u\000l\000t\000?}{chapter.4}% 24
\BOOKMARK [0][-]{chapter.5}{\376\377\000A\000d\000v\000a\000n\000c\000e\000d\000\040\000F\000u\000t\000u\000r\000e\000s}{part.1}% 25
\BOOKMARK [1][-]{section.5.1}{\376\377\000F\000u\000t\000u\000r\000e\000\040\000c\000o\000m\000b\000i\000n\000a\000t\000o\000r\000s}{chapter.5}% 26
\BOOKMARK [1][-]{section.5.2}{\376\377\000S\000y\000n\000c\000h\000r\000o\000n\000o\000u\000s\000\040\000A\000c\000c\000e\000s\000s}{chapter.5}% 27
\BOOKMARK [0][-]{chapter.6}{\376\377\000S\000e\000r\000v\000i\000c\000e\000s}{part.1}% 28
\BOOKMARK [1][-]{section.6.1}{\376\377\000C\000r\000e\000a\000t\000i\000n\000g\000\040\000S\000e\000r\000v\000i\000c\000e\000s\000\040\000w\000i\000t\000h\000\040\000B\000l\000o\000c\000k\000s}{chapter.6}% 29
\BOOKMARK [0][-]{chapter.7}{\376\377\000P\000r\000o\000c\000e\000s\000s\000\040\000d\000a\000s\000h\000b\000o\000a\000r\000d\000\040}{part.1}% 30
\BOOKMARK [1][-]{section.7.1}{\376\377\000T\000a\000s\000k\000I\000t\000\040\000t\000a\000b\000\040}{chapter.7}% 31
\BOOKMARK [1][-]{section.7.2}{\376\377\000S\000y\000s\000t\000e\000m\000\040\000t\000a\000b}{chapter.7}% 32
\BOOKMARK [1][-]{section.7.3}{\376\377\000B\000a\000s\000e\000d\000\040\000o\000n\000\040\000a\000n\000n\000o\000u\000n\000c\000e\000m\000e\000n\000t\000s\000\040}{chapter.7}% 33
\BOOKMARK [0][-]{chapter.8}{\376\377\000D\000e\000b\000u\000g\000g\000e\000r}{part.1}% 34
\BOOKMARK [0][-]{chapter.9}{\376\377\000C\000o\000n\000f\000i\000g\000u\000r\000a\000t\000i\000o\000n}{part.1}% 35
\BOOKMARK [0][-]{chapter.10}{\376\377\000F\000u\000t\000u\000r\000e\000\040\000v\000e\000r\000s\000i\000o\000n\000s}{part.1}% 36
